GROUP,PACKAGE,CLASS,INSTRUCTION_MISSED,INSTRUCTION_COVERED,BRANCH_MISSED,BRANCH_COVERED,LINE_MISSED,LINE_COVERED,COMPLEXITY_MISSED,COMPLEXITY_COVERED,METHOD_MISSED,METHOD_COVERED
HobbyProject,com.qa.hobbyproject.controllers,AdminController,3,62,0,2,2,19,0,9,0,8
HobbyProject,com.qa.hobbyproject.controllers,CustomerController,39,54,4,2,18,17,4,8,2,7
HobbyProject,com.qa.hobbyproject.services,AdminService,4,149,4,4,0,31,4,8,0,8
HobbyProject,com.qa.hobbyproject.services,CustomerService,4,157,4,4,0,33,4,8,0,8
HobbyProject,com.qa.hobbyproject.model,Admin,12,43,0,0,5,19,1,10,1,10
HobbyProject,com.qa.hobbyproject.model,Customer,21,63,0,0,8,27,1,14,1,14
HobbyProject,com.qa.hobbyproject.exceptions,IdNotFoundException,3,0,0,0,1,0,1,0,1,0
HobbyProject,com.qa.hobbyproject,HobbyProjectApplication,5,3,0,0,2,1,1,1,1,1
